<?xml version="1.0" encoding="utf-8"?>
<testsuite package="org.checkstyle" time="0" tests="29" errors="27" name="checkstyle">
<testcase time="0" name="controller/App.java" classname="CheckStyle Issues">
</testcase><testcase time="0" name="controller/MainController.java" classname="CheckStyle Issues">
<failure message="issues" ><![CDATA[line: 34 column: column:3 
Missing a Javadoc comment.
----------------
line: 34 column: column:22 
Type name 'promptEvent' must match pattern '^[A-Z][a-zA-Z0-9]*$'.
----------------
line: 98 column: column:38 
WhitespaceAround: '=' is not preceded with whitespace.
----------------
]]></failure>
</testcase><testcase time="0" name="model/domain/ContractCollection.java" classname="CheckStyle Issues">
</testcase><testcase time="0" name="model/domain/ContractCollectionImpl.java" classname="CheckStyle Issues">
<failure message="issues" ><![CDATA[line: 90 column: 
Javadoc tag '@param' should be preceded with an empty line.
----------------
]]></failure>
</testcase><testcase time="0" name="model/domain/Item.java" classname="CheckStyle Issues">
<failure message="issues" ><![CDATA[line: 199 column: column:6 
WhitespaceAround: '{' is not preceded with whitespace.
----------------
]]></failure>
</testcase><testcase time="0" name="model/domain/ItemCollection.java" classname="CheckStyle Issues">
</testcase><testcase time="0" name="model/domain/ItemCollectionImpl.java" classname="CheckStyle Issues">
</testcase><testcase time="0" name="model/domain/ItemIterator.java" classname="CheckStyle Issues">
</testcase><testcase time="0" name="model/domain/LendingContract.java" classname="CheckStyle Issues">
</testcase><testcase time="0" name="model/domain/Member.java" classname="CheckStyle Issues">
<failure message="issues" ><![CDATA[line: 123 column: column:3 
Missing a Javadoc comment.
----------------
line: 125 column: column:29 
WhitespaceAround: '{' is not preceded with whitespace.
----------------
line: 129 column: column:88 
WhitespaceAround: '{' is not preceded with whitespace.
----------------
line: 139 column: column:26 
WhitespaceAround: '{' is not preceded with whitespace.
----------------
line: 150 column: column:21 
WhitespaceAround: '{' is not preceded with whitespace.
----------------
]]></failure>
</testcase><testcase time="0" name="model/domain/MemberCollection.java" classname="CheckStyle Issues">
<failure message="issues" ><![CDATA[line: 5 column: column:1 
Missing a Javadoc comment.
----------------
line: 41 column: column:3 
Missing a Javadoc comment.
----------------
line: 50 column: column:3 
Missing a Javadoc comment.
----------------
]]></failure>
</testcase><testcase time="0" name="model/domain/OwnerIteratorImpl.java" classname="CheckStyle Issues">
<failure message="issues" ><![CDATA[line: 15 column: column:3 
Missing a Javadoc comment.
----------------
line: 20 column: column:3 
'METHOD_DEF' should be separated from previous statement.
----------------
]]></failure>
</testcase><testcase time="0" name="model/domain/RandomString.java" classname="CheckStyle Issues">
</testcase><testcase time="0" name="model/domain/StuffLendingSystem.java" classname="CheckStyle Issues">
<failure message="issues" ><![CDATA[line: 5 column: column:1 
Extra separation in import group before 
  'model.repository.PersistenceFacade'
----------------
line: 177 column: 
Javadoc tag '@param' should be preceded with an empty line.
----------------
]]></failure>
</testcase><testcase time="0" name="model/domain/TypeIteratorImpl.java" classname="CheckStyle Issues">
</testcase><testcase time="0" name="model/repository/ItemMapper.java" classname="CheckStyle Issues">
</testcase><testcase time="0" name="model/repository/Mapper.java" classname="CheckStyle Issues">
</testcase><testcase time="0" name="model/repository/MapperFactory.java" classname="CheckStyle Issues">
</testcase><testcase time="0" name="model/repository/MemberMapper.java" classname="CheckStyle Issues">
<failure message="issues" ><![CDATA[line: 12 column: column:52 
WhitespaceAround: '{' is not preceded with whitespace.
----------------
]]></failure>
</testcase><testcase time="0" name="model/repository/mock/ItemMockOne.java" classname="CheckStyle Issues">
</testcase><testcase time="0" name="model/repository/mock/ItemMockTwo.java" classname="CheckStyle Issues">
</testcase><testcase time="0" name="model/repository/mock/MemberMockOne.java" classname="CheckStyle Issues">
</testcase><testcase time="0" name="model/repository/mock/MemberMockTwo.java" classname="CheckStyle Issues">
</testcase><testcase time="0" name="model/repository/mock/Mock.java" classname="CheckStyle Issues">
</testcase><testcase time="0" name="model/repository/mock/MockCollection.java" classname="CheckStyle Issues">
</testcase><testcase time="0" name="model/repository/ObjectIdentifier.java" classname="CheckStyle Issues">
</testcase><testcase time="0" name="model/repository/PersistenceFacade.java" classname="CheckStyle Issues">
</testcase><testcase time="0" name="model/repository/PersistenceMapper.java" classname="CheckStyle Issues">
</testcase><testcase time="0" name="view/Console.java" classname="CheckStyle Issues">
<failure message="issues" ><![CDATA[line: 7 column: column:1 
Extra separation in import group before 'java.util.ArrayList'
----------------
line: 7 column: column:1 
Wrong lexicographical order for 'java.util.ArrayList' import. Should be 
  before 'model.domain.Item.ItemType'.
----------------
line: 8 column: column:1 
Wrong lexicographical order for 'java.util.Scanner' import. Should be 
  before 'model.domain.Item.ItemType'.
----------------
line: 346 column: column:3 
Missing a Javadoc comment.
----------------
line: 368 column: column:3 
Missing a Javadoc comment.
----------------
line: 484 column: column:1 
Line contains a tab character.
----------------
line: 484 column: column:9 
'method def modifier' has incorrect indentation level 8, expected level 
  should be 2.
----------------
line: 486 column: column:1 
Line contains a tab character.
----------------
line: 486 column: column:9 
'method def rcurly' has incorrect indentation level 8, expected level 
  should be 2.
----------------
]]></failure>
</testcase></testsuite>